Grammar

    0 $accept: lines $end

    1 lines: lines expr '\n'
    2      | lines '\n'
    3      | %empty
    4      | error '\n'

    5 expr: expr '+' expr
    6     | expr '-' expr
    7     | expr '*' expr
    8     | expr '/' expr
    9     | '(' expr ')'
   10     | '-' expr
   11     | NUMBER


Terminals, with rules where they appear

    $end (0) 0
    '\n' (10) 1 2 4
    '(' (40) 9
    ')' (41) 9
    '*' (42) 7
    '+' (43) 5
    '-' (45) 6 10
    '/' (47) 8
    error (256) 4
    NUMBER <i> (258) 11
    UMINUS (259)


Nonterminals, with rules where they appear

    $accept (12)
        on left: 0
    lines (13)
        on left: 1 2 3 4
        on right: 0 1 2
    expr <i> (14)
        on left: 5 6 7 8 9 10 11
        on right: 1 5 6 7 8 9 10


State 0

    0 $accept: . lines $end

    error  shift, and go to state 1

    $end    reduce using rule 3 (lines)
    NUMBER  reduce using rule 3 (lines)
    '-'     reduce using rule 3 (lines)
    '\n'    reduce using rule 3 (lines)
    '('     reduce using rule 3 (lines)

    lines  go to state 2


State 1

    4 lines: error . '\n'

    '\n'  shift, and go to state 3


State 2

    0 $accept: lines . $end
    1 lines: lines . expr '\n'
    2      | lines . '\n'

    $end    shift, and go to state 4
    NUMBER  shift, and go to state 5
    '-'     shift, and go to state 6
    '\n'    shift, and go to state 7
    '('     shift, and go to state 8

    expr  go to state 9


State 3

    4 lines: error '\n' .

    $default  reduce using rule 4 (lines)


State 4

    0 $accept: lines $end .

    $default  accept


State 5

   11 expr: NUMBER .

    $default  reduce using rule 11 (expr)


State 6

   10 expr: '-' . expr

    NUMBER  shift, and go to state 5
    '-'     shift, and go to state 6
    '('     shift, and go to state 8

    expr  go to state 10


State 7

    2 lines: lines '\n' .

    $default  reduce using rule 2 (lines)


State 8

    9 expr: '(' . expr ')'

    NUMBER  shift, and go to state 5
    '-'     shift, and go to state 6
    '('     shift, and go to state 8

    expr  go to state 11


State 9

    1 lines: lines expr . '\n'
    5 expr: expr . '+' expr
    6     | expr . '-' expr
    7     | expr . '*' expr
    8     | expr . '/' expr

    '+'   shift, and go to state 12
    '-'   shift, and go to state 13
    '*'   shift, and go to state 14
    '/'   shift, and go to state 15
    '\n'  shift, and go to state 16


State 10

    5 expr: expr . '+' expr
    6     | expr . '-' expr
    7     | expr . '*' expr
    8     | expr . '/' expr
   10     | '-' expr .

    $default  reduce using rule 10 (expr)


State 11

    5 expr: expr . '+' expr
    6     | expr . '-' expr
    7     | expr . '*' expr
    8     | expr . '/' expr
    9     | '(' expr . ')'

    '+'  shift, and go to state 12
    '-'  shift, and go to state 13
    '*'  shift, and go to state 14
    '/'  shift, and go to state 15
    ')'  shift, and go to state 17


State 12

    5 expr: expr '+' . expr

    NUMBER  shift, and go to state 5
    '-'     shift, and go to state 6
    '('     shift, and go to state 8

    expr  go to state 18


State 13

    6 expr: expr '-' . expr

    NUMBER  shift, and go to state 5
    '-'     shift, and go to state 6
    '('     shift, and go to state 8

    expr  go to state 19


State 14

    7 expr: expr '*' . expr

    NUMBER  shift, and go to state 5
    '-'     shift, and go to state 6
    '('     shift, and go to state 8

    expr  go to state 20


State 15

    8 expr: expr '/' . expr

    NUMBER  shift, and go to state 5
    '-'     shift, and go to state 6
    '('     shift, and go to state 8

    expr  go to state 21


State 16

    1 lines: lines expr '\n' .

    $default  reduce using rule 1 (lines)


State 17

    9 expr: '(' expr ')' .

    $default  reduce using rule 9 (expr)


State 18

    5 expr: expr . '+' expr
    5     | expr '+' expr .
    6     | expr . '-' expr
    7     | expr . '*' expr
    8     | expr . '/' expr

    '*'  shift, and go to state 14
    '/'  shift, and go to state 15

    $default  reduce using rule 5 (expr)


State 19

    5 expr: expr . '+' expr
    6     | expr . '-' expr
    6     | expr '-' expr .
    7     | expr . '*' expr
    8     | expr . '/' expr

    '*'  shift, and go to state 14
    '/'  shift, and go to state 15

    $default  reduce using rule 6 (expr)


State 20

    5 expr: expr . '+' expr
    6     | expr . '-' expr
    7     | expr . '*' expr
    7     | expr '*' expr .
    8     | expr . '/' expr

    $default  reduce using rule 7 (expr)


State 21

    5 expr: expr . '+' expr
    6     | expr . '-' expr
    7     | expr . '*' expr
    8     | expr . '/' expr
    8     | expr '/' expr .

    $default  reduce using rule 8 (expr)
